<?xml version="1.0" encoding="UTF-8"?>
<Site BuildName="Darwin-clang++"
	BuildStamp="20241130-0655-Experimental"
	Name="macdeMacBook-Pro.local"
	Generator="ctest-3.30.2"
	CompilerName="/usr/bin/clang++"
	CompilerVersion="16.0.0.16000026"
	OSName="macOS"
	Hostname="macdeMacBook-Pro.local"
	OSRelease="14.6.1"
	OSVersion="23G93"
	OSPlatform="arm64"
	Is64Bits="1"
	VendorString="Apple"
	VendorID="Apple"
	FamilyID="0"
	ModelID="0"
	ProcessorCacheSize="131072"
	NumberOfLogicalCPU="8"
	NumberOfPhysicalCPU="8"
	TotalVirtualMemory="7168"
	TotalPhysicalMemory="24576"
	LogicalProcessorsPerPhysical="8"
	ProcessorClockFrequency="0"
	>
	<Testing>
		<StartDateTime>Nov 30 15:21 CST</StartDateTime>
		<StartTestTime>1732951309</StartTestTime>
		<TestList/>
		<EndDateTime>Nov 30 15:21 CST</EndDateTime>
		<EndTestTime>1732951309</EndTestTime>
		<ElapsedMinutes>0</ElapsedMinutes>
	</Testing>
</Site>
